{"/Users/yasirk/edf/src/api.ts": {"path":"/Users/yasirk/edf/src/api.ts","statementMap":{"0":{"start":{"line":2,"column":0},"end":{"line":2,"column":45}},"1":{"start":{"line":4,"column":17},"end":{"line":7,"column":2}},"2":{"start":{"line":9,"column":21},"end":{"line":9,"column":63}},"3":{"start":{"line":9,"column":50},"end":{"line":9,"column":63}},"4":{"start":{"line":11,"column":21},"end":{"line":14,"column":2}},"5":{"start":{"line":13,"column":4},"end":{"line":13,"column":58}},"6":{"start":{"line":16,"column":13},"end":{"line":23,"column":2}},"7":{"start":{"line":18,"column":4},"end":{"line":18,"column":51}},"8":{"start":{"line":20,"column":4},"end":{"line":20,"column":54}},"9":{"start":{"line":22,"column":4},"end":{"line":22,"column":59}}},"fnMap":{"0":{"name":"(anonymous_1)","decl":{"start":{"line":9,"column":21},"end":{"line":9,"column":22}},"loc":{"start":{"line":9,"column":50},"end":{"line":9,"column":63}}},"1":{"name":"(anonymous_2)","decl":{"start":{"line":12,"column":7},"end":{"line":12,"column":8}},"loc":{"start":{"line":13,"column":4},"end":{"line":13,"column":58}}},"2":{"name":"(anonymous_3)","decl":{"start":{"line":17,"column":20},"end":{"line":17,"column":21}},"loc":{"start":{"line":18,"column":4},"end":{"line":18,"column":51}}},"3":{"name":"(anonymous_4)","decl":{"start":{"line":19,"column":23},"end":{"line":19,"column":24}},"loc":{"start":{"line":20,"column":4},"end":{"line":20,"column":54}}},"4":{"name":"(anonymous_5)","decl":{"start":{"line":21,"column":27},"end":{"line":21,"column":28}},"loc":{"start":{"line":22,"column":4},"end":{"line":22,"column":59}}}},"branchMap":{},"s":{"0":1,"1":1,"2":1,"3":0,"4":1,"5":0,"6":1,"7":0,"8":0,"9":0},"f":{"0":0,"1":0,"2":0,"3":0,"4":0},"b":{}}
,"/Users/yasirk/edf/src/getBooksList.ts": {"path":"/Users/yasirk/edf/src/getBooksList.ts","statementMap":{"0":{"start":{"line":1,"column":0},"end":{"line":1,"column":36}},"1":{"start":{"line":4,"column":24},"end":{"line":15,"column":1}},"2":{"start":{"line":5,"column":2},"end":{"line":14,"column":null}},"3":{"start":{"line":6,"column":18},"end":{"line":6,"column":60}},"4":{"start":{"line":7,"column":4},"end":{"line":7,"column":76}},"5":{"start":{"line":9,"column":4},"end":{"line":12,"column":null}},"6":{"start":{"line":10,"column":6},"end":{"line":10,"column":27}},"7":{"start":{"line":11,"column":6},"end":{"line":11,"column":69}},"8":{"start":{"line":13,"column":4},"end":{"line":13,"column":44}},"9":{"start":{"line":4,"column":13},"end":{"line":4,"column":24}},"10":{"start":{"line":18,"column":2},"end":{"line":26,"column":5}},"11":{"start":{"line":19,"column":4},"end":{"line":25,"column":6}},"12":{"start":{"line":17,"column":0},"end":{"line":17,"column":16}},"13":{"start":{"line":30,"column":13},"end":{"line":30,"column":53}},"14":{"start":{"line":31,"column":2},"end":{"line":31,"column":20}},"15":{"start":{"line":32,"column":2},"end":{"line":40,"column":null}},"16":{"start":{"line":33,"column":4},"end":{"line":39,"column":17}},"17":{"start":{"line":42,"column":2},"end":{"line":42,"column":21}},"18":{"start":{"line":43,"column":2},"end":{"line":43,"column":14}},"19":{"start":{"line":29,"column":0},"end":{"line":29,"column":16}}},"fnMap":{"0":{"name":"(anonymous_0)","decl":{"start":{"line":4,"column":24},"end":{"line":4,"column":29}},"loc":{"start":{"line":4,"column":56},"end":{"line":15,"column":1}}},"1":{"name":"mapJSONResponse","decl":{"start":{"line":17,"column":16},"end":{"line":17,"column":31}},"loc":{"start":{"line":17,"column":45},"end":{"line":27,"column":1}}},"2":{"name":"(anonymous_2)","decl":{"start":{"line":18,"column":19},"end":{"line":18,"column":20}},"loc":{"start":{"line":18,"column":28},"end":{"line":26,"column":3}}},"3":{"name":"mapXml","decl":{"start":{"line":29,"column":16},"end":{"line":29,"column":22}},"loc":{"start":{"line":29,"column":36},"end":{"line":44,"column":1}}}},"branchMap":{"0":{"loc":{"start":{"line":7,"column":11},"end":{"line":7,"column":75}},"type":"cond-expr","locations":[{"start":{"line":7,"column":37},"end":{"line":7,"column":59}},{"start":{"line":7,"column":62},"end":{"line":7,"column":75}}]},"1":{"loc":{"start":{"line":9,"column":4},"end":{"line":12,"column":null}},"type":"if","locations":[{"start":{"line":9,"column":4},"end":{"line":12,"column":null}}]}},"s":{"0":1,"1":1,"2":0,"3":0,"4":0,"5":0,"6":0,"7":0,"8":0,"9":1,"10":1,"11":2,"12":1,"13":1,"14":1,"15":1,"16":2,"17":1,"18":1,"19":1},"f":{"0":0,"1":1,"2":2,"3":1},"b":{"0":[0,0],"1":[0]}}
}
