TN:
SF:src/api.ts
FN:9,(anonymous_1)
FN:12,(anonymous_2)
FN:17,(anonymous_3)
FN:19,(anonymous_4)
FN:21,(anonymous_5)
FNF:5
FNH:0
FNDA:0,(anonymous_1)
FNDA:0,(anonymous_2)
FNDA:0,(anonymous_3)
FNDA:0,(anonymous_4)
FNDA:0,(anonymous_5)
DA:2,1
DA:4,1
DA:9,1
DA:11,1
DA:13,0
DA:16,1
DA:18,0
DA:20,0
DA:22,0
LF:9
LH:5
BRF:0
BRH:0
end_of_record
TN:
SF:src/getBooksList.ts
FN:4,(anonymous_0)
FN:17,mapJSONResponse
FN:18,(anonymous_2)
FN:29,mapXml
FNF:4
FNH:3
FNDA:0,(anonymous_0)
FNDA:1,mapJSONResponse
FNDA:2,(anonymous_2)
FNDA:1,mapXml
DA:1,1
DA:4,1
DA:5,0
DA:6,0
DA:7,0
DA:9,0
DA:10,0
DA:11,0
DA:13,0
DA:17,1
DA:18,1
DA:19,2
DA:29,1
DA:30,1
DA:31,1
DA:32,1
DA:33,2
DA:42,1
DA:43,1
LF:19
LH:12
BRDA:7,0,0,0
BRDA:7,0,1,0
BRDA:9,1,0,0
BRF:3
BRH:0
end_of_record
